# JRE version: OpenJDK Runtime Environment (8.0_265-b01) (build 1.8.0_265-b01)
# Java VM: OpenJDK 64-Bit Server VM (25.265-b01 mixed mode windows-amd64 compressed oops)
Heap:
 PSYoungGen      total 268800K, used 478K [0x00000000eab00000, 0x00000000fe000000, 0x0000000100000000)
  eden space 268288K, 0% used [0x00000000eab00000,0x00000000eab77be8,0x00000000fb100000)
  from space 512K, 0% used [0x00000000fb100000,0x00000000fb100000,0x00000000fb180000)
  to   space 24064K, 0% used [0x00000000fc880000,0x00000000fc880000,0x00000000fe000000)
 ParOldGen       total 155648K, used 72426K [0x00000000c0000000, 0x00000000c9800000, 0x00000000eab00000)
  object space 155648K, 46% used [0x00000000c0000000,0x00000000c46baa60,0x00000000c9800000)
 Metaspace       used 14570K, capacity 15306K, committed 15360K, reserved 1062912K
  class space    used 2102K, capacity 2276K, committed 2304K, reserved 1048576K
GC Heap History (68 events):
Event: 0.261 GC heap before
{Heap before GC invocations=1 (full 0):
 PSYoungGen      total 38400K, used 3462K [0x00000000eab00000, 0x00000000ed580000, 0x0000000100000000)
  eden space 33280K, 10% used [0x00000000eab00000,0x00000000eae61ad0,0x00000000ecb80000)
  from space 5120K, 0% used [0x00000000ed080000,0x00000000ed080000,0x00000000ed580000)
  to   space 5120K, 0% used [0x00000000ecb80000,0x00000000ecb80000,0x00000000ed080000)
 ParOldGen       total 87552K, used 0K [0x00000000c0000000, 0x00000000c5580000, 0x00000000eab00000)
  object space 87552K, 0% used [0x00000000c0000000,0x00000000c0000000,0x00000000c5580000)
 Metaspace       used 3714K, capacity 4670K, committed 4864K, reserved 1056768K
  class space    used 376K, capacity 426K, committed 512K, reserved 1048576K
Event: 0.262 GC heap after
Heap after GC invocations=1 (full 0):
 PSYoungGen      total 38400K, used 1001K [0x00000000eab00000, 0x00000000ed580000, 0x0000000100000000)
  eden space 33280K, 0% used [0x00000000eab00000,0x00000000eab00000,0x00000000ecb80000)
  from space 5120K, 19% used [0x00000000ecb80000,0x00000000ecc7a610,0x00000000ed080000)
  to   space 5120K, 0% used [0x00000000ed080000,0x00000000ed080000,0x00000000ed580000)
 ParOldGen       total 87552K, used 8K [0x00000000c0000000, 0x00000000c5580000, 0x00000000eab00000)
  object space 87552K, 0% used [0x00000000c0000000,0x00000000c0002000,0x00000000c5580000)
 Metaspace       used 3714K, capacity 4670K, committed 4864K, reserved 1056768K
  class space    used 376K, capacity 426K, committed 512K, reserved 1048576K
}
Event: 0.262 GC heap before
{Heap before GC invocations=2 (full 1):
 PSYoungGen      total 38400K, used 1001K [0x00000000eab00000, 0x00000000ed580000, 0x0000000100000000)
  eden space 33280K, 0% used [0x00000000eab00000,0x00000000eab00000,0x00000000ecb80000)
  from space 5120K, 19% used [0x00000000ecb80000,0x00000000ecc7a610,0x00000000ed080000)
  to   space 5120K, 0% used [0x00000000ed080000,0x00000000ed080000,0x00000000ed580000)
 ParOldGen       total 87552K, used 8K [0x00000000c0000000, 0x00000000c5580000, 0x00000000eab00000)
  object space 87552K, 0% used [0x00000000c0000000,0x00000000c0002000,0x00000000c5580000)
 Metaspace       used 3714K, capacity 4670K, committed 4864K, reserved 1056768K
  class space    used 376K, capacity 426K, committed 512K, reserved 1048576K
Event: 0.267 GC heap after
Heap after GC invocations=2 (full 1):
 PSYoungGen      total 38400K, used 0K [0x00000000eab00000, 0x00000000ed580000, 0x0000000100000000)
  eden space 33280K, 0% used [0x00000000eab00000,0x00000000eab00000,0x00000000ecb80000)
  from space 5120K, 0% used [0x00000000ecb80000,0x00000000ecb80000,0x00000000ed080000)
  to   space 5120K, 0% used [0x00000000ed080000,0x00000000ed080000,0x00000000ed580000)
 ParOldGen       total 87552K, used 895K [0x00000000c0000000, 0x00000000c5580000, 0x00000000eab00000)
  object space 87552K, 1% used [0x00000000c0000000,0x00000000c00dfcb0,0x00000000c5580000)
 Metaspace       used 3714K, capacity 4670K, committed 4864K, reserved 1056768K
  class space    used 376K, capacity 426K, committed 512K, reserved 1048576K
}
Event: 2.326 GC heap before
{Heap before GC invocations=3 (full 1):
 PSYoungGen      total 38400K, used 33280K [0x00000000eab00000, 0x00000000ed580000, 0x0000000100000000)
  eden space 33280K, 100% used [0x00000000eab00000,0x00000000ecb80000,0x00000000ecb80000)
  from space 5120K, 0% used [0x00000000ecb80000,0x00000000ecb80000,0x00000000ed080000)
  to   space 5120K, 0% used [0x00000000ed080000,0x00000000ed080000,0x00000000ed580000)
 ParOldGen       total 87552K, used 895K [0x00000000c0000000, 0x00000000c5580000, 0x00000000eab00000)
  object space 87552K, 1% used [0x00000000c0000000,0x00000000c00dfcb0,0x00000000c5580000)
 Metaspace       used 11196K, capacity 11558K, committed 11776K, reserved 1058816K
  class space    used 1563K, capacity 1690K, committed 1792K, reserved 1048576K
Event: 2.335 GC heap after
Heap after GC invocations=3 (full 1):
 PSYoungGen      total 38400K, used 5101K [0x00000000eab00000, 0x00000000ed580000, 0x0000000100000000)
  eden space 33280K, 0% used [0x00000000eab00000,0x00000000eab00000,0x00000000ecb80000)
  from space 5120K, 99% used [0x00000000ed080000,0x00000000ed57b788,0x00000000ed580000)
  to   space 5120K, 0% used [0x00000000ecb80000,0x00000000ecb80000,0x00000000ed080000)
 ParOldGen       total 87552K, used 7303K [0x00000000c0000000, 0x00000000c5580000, 0x00000000eab00000)
  object space 87552K, 8% used [0x00000000c0000000,0x00000000c0721cf0,0x00000000c5580000)
 Metaspace       used 11196K, capacity 11558K, committed 11776K, reserved 1058816K
  class space    used 1563K, capacity 1690K, committed 1792K, reserved 1048576K
}
Event: 2.363 GC heap before
{Heap before GC invocations=4 (full 1):
 PSYoungGen      total 38400K, used 7436K [0x00000000eab00000, 0x00000000ed580000, 0x0000000100000000)
  eden space 33280K, 7% used [0x00000000eab00000,0x00000000ead47c70,0x00000000ecb80000)
  from space 5120K, 99% used [0x00000000ed080000,0x00000000ed57b788,0x00000000ed580000)
  to   space 5120K, 0% used [0x00000000ecb80000,0x00000000ecb80000,0x00000000ed080000)
 ParOldGen       total 87552K, used 7303K [0x00000000c0000000, 0x00000000c5580000, 0x00000000eab00000)
  object space 87552K, 8% used [0x00000000c0000000,0x00000000c0721cf0,0x00000000c5580000)
 Metaspace       used 11202K, capacity 11558K, committed 11776K, reserved 1058816K
  class space    used 1563K, capacity 1690K, committed 1792K, reserved 1048576K
Event: 2.367 GC heap after
Heap after GC invocations=4 (full 1):
 PSYoungGen      total 38400K, used 5101K [0x00000000eab00000, 0x00000000ed580000, 0x0000000100000000)
  eden space 33280K, 0% used [0x00000000eab00000,0x00000000eab00000,0x00000000ecb80000)
  from space 5120K, 99% used [0x00000000ecb80000,0x00000000ed07b778,0x00000000ed080000)
  to   space 5120K, 0% used [0x00000000ed080000,0x00000000ed080000,0x00000000ed580000)
 ParOldGen       total 87552K, used 7895K [0x00000000c0000000, 0x00000000c5580000, 0x00000000eab00000)
  object space 87552K, 9% used [0x00000000c0000000,0x00000000c07b5d00,0x00000000c5580000)
 Metaspace       used 11202K, capacity 11558K, committed 11776K, reserved 1058816K
  class space    used 1563K, capacity 1690K, committed 1792K, reserved 1048576K
}
Event: 2.367 GC heap before
{Heap before GC invocations=5 (full 2):
 PSYoungGen      total 38400K, used 5101K [0x00000000eab00000, 0x00000000ed580000, 0x0000000100000000)
  eden space 33280K, 0% used [0x00000000eab00000,0x00000000eab00000,0x00000000ecb80000)
  from space 5120K, 99% used [0x00000000ecb80000,0x00000000ed07b778,0x00000000ed080000)
  to   space 5120K, 0% used [0x00000000ed080000,0x00000000ed080000,0x00000000ed580000)
 ParOldGen       total 87552K, used 7895K [0x00000000c0000000, 0x00000000c5580000, 0x00000000eab00000)
  object space 87552K, 9% used [0x00000000c0000000,0x00000000c07b5d00,0x00000000c5580000)
 Metaspace       used 11202K, capacity 11558K, committed 11776K, reserved 1058816K
  class space    used 1563K, capacity 1690K, committed 1792K, reserved 1048576K
Event: 2.435 GC heap after
Heap after GC invocations=5 (full 2):
 PSYoungGen      total 38400K, used 0K [0x00000000eab00000, 0x00000000ed580000, 0x0000000100000000)
  eden space 33280K, 0% used [0x00000000eab00000,0x00000000eab00000,0x00000000ecb80000)
  from space 5120K, 0% used [0x00000000ecb80000,0x00000000ecb80000,0x00000000ed080000)
  to   space 5120K, 0% used [0x00000000ed080000,0x00000000ed080000,0x00000000ed580000)
 ParOldGen       total 87552K, used 9971K [0x00000000c0000000, 0x00000000c5580000, 0x00000000eab00000)
  object space 87552K, 11% used [0x00000000c0000000,0x00000000c09bcf20,0x00000000c5580000)
 Metaspace       used 11202K, capacity 11558K, committed 11776K, reserved 1058816K
  class space    used 1563K, capacity 1690K, committed 1792K, reserved 1048576K
}
Event: 2.458 GC heap before
{Heap before GC invocations=6 (full 2):
 PSYoungGen      total 38400K, used 978K [0x00000000eab00000, 0x00000000ed580000, 0x0000000100000000)
  eden space 33280K, 2% used [0x00000000eab00000,0x00000000eabf4920,0x00000000ecb80000)
  from space 5120K, 0% used [0x00000000ecb80000,0x00000000ecb80000,0x00000000ed080000)
  to   space 5120K, 0% used [0x00000000ed080000,0x00000000ed080000,0x00000000ed580000)
 ParOldGen       total 87552K, used 9971K [0x00000000c0000000, 0x00000000c5580000, 0x00000000eab00000)
  object space 87552K, 11% used [0x00000000c0000000,0x00000000c09bcf20,0x00000000c5580000)
 Metaspace       used 11202K, capacity 11558K, committed 11776K, reserved 1058816K
  class space    used 1563K, capacity 1690K, committed 1792K, reserved 1048576K
Event: 2.459 GC heap after
Heap after GC invocations=6 (full 2):
 PSYoungGen      total 38400K, used 192K [0x00000000eab00000, 0x00000000ed580000, 0x0000000100000000)
  eden space 33280K, 0% used [0x00000000eab00000,0x00000000eab00000,0x00000000ecb80000)
  from space 5120K, 3% used [0x00000000ed080000,0x00000000ed0b0000,0x00000000ed580000)
  to   space 5120K, 0% used [0x00000000ecb80000,0x00000000ecb80000,0x00000000ed080000)
 ParOldGen       total 87552K, used 9971K [0x00000000c0000000, 0x00000000c5580000, 0x00000000eab00000)
  object space 87552K, 11% used [0x00000000c0000000,0x00000000c09bcf20,0x00000000c5580000)
 Metaspace       used 11202K, capacity 11558K, committed 11776K, reserved 1058816K
  class space    used 1563K, capacity 1690K, committed 1792K, reserved 1048576K
}
Event: 2.459 GC heap before
{Heap before GC invocations=7 (full 3):
 PSYoungGen      total 38400K, used 192K [0x00000000eab00000, 0x00000000ed580000, 0x0000000100000000)
  eden space 33280K, 0% used [0x00000000eab00000,0x00000000eab00000,0x00000000ecb80000)
  from space 5120K, 3% used [0x00000000ed080000,0x00000000ed0b0000,0x00000000ed580000)
  to   space 5120K, 0% used [0x00000000ecb80000,0x00000000ecb80000,0x00000000ed080000)
 ParOldGen       total 87552K, used 9971K [0x00000000c0000000, 0x00000000c5580000, 0x00000000eab00000)
  object space 87552K, 11% used [0x00000000c0000000,0x00000000c09bcf20,0x00000000c5580000)
 Metaspace       used 11202K, capacity 11558K, committed 11776K, reserved 1058816K
  class space    used 1563K, capacity 1690K, committed 1792K, reserved 1048576K
Event: 2.492 GC heap after
Heap after GC invocations=7 (full 3):
 PSYoungGen      total 38400K, used 0K [0x00000000eab00000, 0x00000000ed580000, 0x0000000100000000)
  eden space 33280K, 0% used [0x00000000eab00000,0x00000000eab00000,0x00000000ecb80000)
  from space 5120K, 0% used [0x00000000ed080000,0x00000000ed080000,0x00000000ed580000)
  to   space 5120K, 0% used [0x00000000ecb80000,0x00000000ecb80000,0x00000000ed080000)
 ParOldGen       total 87552K, used 10089K [0x00000000c0000000, 0x00000000c5580000, 0x00000000eab00000)
  object space 87552K, 11% used [0x00000000c0000000,0x00000000c09da628,0x00000000c5580000)
 Metaspace       used 11202K, capacity 11558K, committed 11776K, reserved 1058816K
  class space    used 1563K, capacity 1690K, committed 1792K, reserved 1048576K
}
Event: 3.276 GC heap before
{Heap before GC invocations=8 (full 3):
 PSYoungGen      total 38400K, used 33280K [0x00000000eab00000, 0x00000000ed580000, 0x0000000100000000)
  eden space 33280K, 100% used [0x00000000eab00000,0x00000000ecb80000,0x00000000ecb80000)
  from space 5120K, 0% used [0x00000000ed080000,0x00000000ed080000,0x00000000ed580000)
  to   space 5120K, 0% used [0x00000000ecb80000,0x00000000ecb80000,0x00000000ed080000)
 ParOldGen       total 87552K, used 10089K [0x00000000c0000000, 0x00000000c5580000, 0x00000000eab00000)
  object space 87552K, 11% used [0x00000000c0000000,0x00000000c09da628,0x00000000c5580000)
 Metaspace       used 12012K, capacity 12422K, committed 12672K, reserved 1060864K
  class space    used 1701K, capacity 1822K, committed 1920K, reserved 1048576K
Event: 3.305 GC heap after
Heap after GC invocations=8 (full 3):
 PSYoungGen      total 38400K, used 5088K [0x00000000eab00000, 0x00000000ef600000, 0x0000000100000000)
  eden space 33280K, 0% used [0x00000000eab00000,0x00000000eab00000,0x00000000ecb80000)
  from space 5120K, 99% used [0x00000000ecb80000,0x00000000ed078018,0x00000000ed080000)
  to   space 5120K, 0% used [0x00000000ef100000,0x00000000ef100000,0x00000000ef600000)
 ParOldGen       total 87552K, used 12762K [0x00000000c0000000, 0x00000000c5580000, 0x00000000eab00000)
  object space 87552K, 14% used [0x00000000c0000000,0x00000000c0c76bb0,0x00000000c5580000)
 Metaspace       used 12012K, capacity 12422K, committed 12672K, reserved 1060864K
  class space    used 1701K, capacity 1822K, committed 1920K, reserved 1048576K
}
Event: 3.360 GC heap before
{Heap before GC invocations=9 (full 3):
 PSYoungGen      total 38400K, used 15091K [0x00000000eab00000, 0x00000000ef600000, 0x0000000100000000)
  eden space 33280K, 30% used [0x00000000eab00000,0x00000000eb4c4f90,0x00000000ecb80000)
  from space 5120K, 99% used [0x00000000ecb80000,0x00000000ed078018,0x00000000ed080000)
  to   space 5120K, 0% used [0x00000000ef100000,0x00000000ef100000,0x00000000ef600000)
 ParOldGen       total 87552K, used 12762K [0x00000000c0000000, 0x00000000c5580000, 0x00000000eab00000)
  object space 87552K, 14% used [0x00000000c0000000,0x00000000c0c76bb0,0x00000000c5580000)
 Metaspace       used 12021K, capacity 12428K, committed 12672K, reserved 1060864K
  class space    used 1702K, capacity 1823K, committed 1920K, reserved 1048576K
Event: 3.369 GC heap after
Heap after GC invocations=9 (full 3):
 PSYoungGen      total 71680K, used 5088K [0x00000000eab00000, 0x00000000ef600000, 0x0000000100000000)
  eden space 66560K, 0% used [0x00000000eab00000,0x00000000eab00000,0x00000000eec00000)
  from space 5120K, 99% used [0x00000000ef100000,0x00000000ef5f8018,0x00000000ef600000)
  to   space 5120K, 0% used [0x00000000eec00000,0x00000000eec00000,0x00000000ef100000)
 ParOldGen       total 87552K, used 13834K [0x00000000c0000000, 0x00000000c5580000, 0x00000000eab00000)
  object space 87552K, 15% used [0x00000000c0000000,0x00000000c0d82bb0,0x00000000c5580000)
 Metaspace       used 12021K, capacity 12428K, committed 12672K, reserved 1060864K
  class space    used 1702K, capacity 1823K, committed 1920K, reserved 1048576K
}
Event: 3.369 GC heap before
{Heap before GC invocations=10 (full 4):
 PSYoungGen      total 71680K, used 5088K [0x00000000eab00000, 0x00000000ef600000, 0x0000000100000000)
  eden space 66560K, 0% used [0x00000000eab00000,0x00000000eab00000,0x00000000eec00000)
  from space 5120K, 99% used [0x00000000ef100000,0x00000000ef5f8018,0x00000000ef600000)
  to   space 5120K, 0% used [0x00000000eec00000,0x00000000eec00000,0x00000000ef100000)
 ParOldGen       total 87552K, used 13834K [0x00000000c0000000, 0x00000000c5580000, 0x00000000eab00000)
  object space 87552K, 15% used [0x00000000c0000000,0x00000000c0d82bb0,0x00000000c5580000)
 Metaspace       used 12021K, capacity 12428K, committed 12672K, reserved 1060864K
  class space    used 1702K, capacity 1823K, committed 1920K, reserved 1048576K
Event: 3.492 GC heap after
Heap after GC invocations=10 (full 4):
 PSYoungGen      total 71680K, used 0K [0x00000000eab00000, 0x00000000ef600000, 0x0000000100000000)
  eden space 66560K, 0% used [0x00000000eab00000,0x00000000eab00000,0x00000000eec00000)
  from space 5120K, 0% used [0x00000000ef100000,0x00000000ef100000,0x00000000ef600000)
  to   space 5120K, 0% used [0x00000000eec00000,0x00000000eec00000,0x00000000ef100000)
 ParOldGen       total 87552K, used 17533K [0x00000000c0000000, 0x00000000c5580000, 0x00000000eab00000)
  object space 87552K, 20% used [0x00000000c0000000,0x00000000c111f7a0,0x00000000c5580000)
 Metaspace       used 12021K, capacity 12428K, committed 12672K, reserved 1060864K
  class space    used 1702K, capacity 1823K, committed 1920K, reserved 1048576K
}
Event: 3.528 GC heap before
{Heap before GC invocations=11 (full 4):
 PSYoungGen      total 71680K, used 14787K [0x00000000eab00000, 0x00000000ef600000, 0x0000000100000000)
  eden space 66560K, 22% used [0x00000000eab00000,0x00000000eb970e40,0x00000000eec00000)
  from space 5120K, 0% used [0x00000000ef100000,0x00000000ef100000,0x00000000ef600000)
  to   space 5120K, 0% used [0x00000000eec00000,0x00000000eec00000,0x00000000ef100000)
 ParOldGen       total 87552K, used 17533K [0x00000000c0000000, 0x00000000c5580000, 0x00000000eab00000)
  object space 87552K, 20% used [0x00000000c0000000,0x00000000c111f7a0,0x00000000c5580000)
 Metaspace       used 12024K, capacity 12434K, committed 12672K, reserved 1060864K
  class space    used 1703K, capacity 1824K, committed 1920K, reserved 1048576K
Event: 3.531 GC heap after
Heap after GC invocations=11 (full 4):
 PSYoungGen      total 71680K, used 1696K [0x00000000eab00000, 0x00000000ef600000, 0x0000000100000000)
  eden space 66560K, 0% used [0x00000000eab00000,0x00000000eab00000,0x00000000eec00000)
  from space 5120K, 33% used [0x00000000eec00000,0x00000000eeda8000,0x00000000ef100000)
  to   space 5120K, 0% used [0x00000000ef100000,0x00000000ef100000,0x00000000ef600000)
 ParOldGen       total 87552K, used 17541K [0x00000000c0000000, 0x00000000c5580000, 0x00000000eab00000)
  object space 87552K, 20% used [0x00000000c0000000,0x00000000c11217a0,0x00000000c5580000)
 Metaspace       used 12024K, capacity 12434K, committed 12672K, reserved 1060864K
  class space    used 1703K, capacity 1824K, committed 1920K, reserved 1048576K
}
Event: 3.531 GC heap before
{Heap before GC invocations=12 (full 5):
 PSYoungGen      total 71680K, used 1696K [0x00000000eab00000, 0x00000000ef600000, 0x0000000100000000)
  eden space 66560K, 0% used [0x00000000eab00000,0x00000000eab00000,0x00000000eec00000)
  from space 5120K, 33% used [0x00000000eec00000,0x00000000eeda8000,0x00000000ef100000)
  to   space 5120K, 0% used [0x00000000ef100000,0x00000000ef100000,0x00000000ef600000)
 ParOldGen       total 87552K, used 17541K [0x00000000c0000000, 0x00000000c5580000, 0x00000000eab00000)
  object space 87552K, 20% used [0x00000000c0000000,0x00000000c11217a0,0x00000000c5580000)
 Metaspace       used 12024K, capacity 12434K, committed 12672K, reserved 1060864K
  class space    used 1703K, capacity 1824K, committed 1920K, reserved 1048576K
Event: 3.683 GC heap after
Heap after GC invocations=12 (full 5):
 PSYoungGen      total 71680K, used 0K [0x00000000eab00000, 0x00000000ef600000, 0x0000000100000000)
  eden space 66560K, 0% used [0x00000000eab00000,0x00000000eab00000,0x00000000eec00000)
  from space 5120K, 0% used [0x00000000eec00000,0x00000000eec00000,0x00000000ef100000)
  to   space 5120K, 0% used [0x00000000ef100000,0x00000000ef100000,0x00000000ef600000)
 ParOldGen       total 87552K, used 18784K [0x00000000c0000000, 0x00000000c5580000, 0x00000000eab00000)
  object space 87552K, 21% used [0x00000000c0000000,0x00000000c1258150,0x00000000c5580000)
 Metaspace       used 12024K, capacity 12434K, committed 12672K, reserved 1060864K
  class space    used 1703K, capacity 1824K, committed 1920K, reserved 1048576K
}
Event: 3.883 GC heap before
{Heap before GC invocations=13 (full 5):
 PSYoungGen      total 71680K, used 66560K [0x00000000eab00000, 0x00000000ef600000, 0x0000000100000000)
  eden space 66560K, 100% used [0x00000000eab00000,0x00000000eec00000,0x00000000eec00000)
  from space 5120K, 0% used [0x00000000eec00000,0x00000000eec00000,0x00000000ef100000)
  to   space 5120K, 0% used [0x00000000ef100000,0x00000000ef100000,0x00000000ef600000)
 ParOldGen       total 87552K, used 18784K [0x00000000c0000000, 0x00000000c5580000, 0x00000000eab00000)
  object space 87552K, 21% used [0x00000000c0000000,0x00000000c1258150,0x00000000c5580000)
 Metaspace       used 12291K, capacity 12748K, committed 12928K, reserved 1060864K
  class space    used 1750K, capacity 1862K, committed 1920K, reserved 1048576K
Event: 3.896 GC heap after
Heap after GC invocations=13 (full 5):
 PSYoungGen      total 71680K, used 5088K [0x00000000eab00000, 0x00000000f3700000, 0x0000000100000000)
  eden space 66560K, 0% used [0x00000000eab00000,0x00000000eab00000,0x00000000eec00000)
  from space 5120K, 99% used [0x00000000ef100000,0x00000000ef5f8010,0x00000000ef600000)
  to   space 5120K, 0% used [0x00000000eec00000,0x00000000eec00000,0x00000000ef100000)
 ParOldGen       total 87552K, used 23501K [0x00000000c0000000, 0x00000000c5580000, 0x00000000eab00000)
  object space 87552K, 26% used [0x00000000c0000000,0x00000000c16f3768,0x00000000c5580000)
 Metaspace       used 12291K, capacity 12748K, committed 12928K, reserved 1060864K
  class space    used 1750K, capacity 1862K, committed 1920K, reserved 1048576K
}
Event: 3.940 GC heap before
{Heap before GC invocations=14 (full 5):
 PSYoungGen      total 71680K, used 31405K [0x00000000eab00000, 0x00000000f3700000, 0x0000000100000000)
  eden space 66560K, 39% used [0x00000000eab00000,0x00000000ec4b3790,0x00000000eec00000)
  from space 5120K, 99% used [0x00000000ef100000,0x00000000ef5f8010,0x00000000ef600000)
  to   space 5120K, 0% used [0x00000000eec00000,0x00000000eec00000,0x00000000ef100000)
 ParOldGen       total 87552K, used 23501K [0x00000000c0000000, 0x00000000c5580000, 0x00000000eab00000)
  object space 87552K, 26% used [0x00000000c0000000,0x00000000c16f3768,0x00000000c5580000)
 Metaspace       used 12292K, capacity 12748K, committed 12928K, reserved 1060864K
  class space    used 1750K, capacity 1862K, committed 1920K, reserved 1048576K
Event: 3.950 GC heap after
Heap after GC invocations=14 (full 5):
 PSYoungGen      total 71680K, used 5114K [0x00000000eab00000, 0x00000000f3700000, 0x0000000100000000)
  eden space 66560K, 0% used [0x00000000eab00000,0x00000000eab00000,0x00000000eec00000)
  from space 5120K, 99% used [0x00000000eec00000,0x00000000ef0fea98,0x00000000ef100000)
  to   space 5120K, 0% used [0x00000000f3200000,0x00000000f3200000,0x00000000f3700000)
 ParOldGen       total 87552K, used 25933K [0x00000000c0000000, 0x00000000c5580000, 0x00000000eab00000)
  object space 87552K, 29% used [0x00000000c0000000,0x00000000c1953768,0x00000000c5580000)
 Metaspace       used 12292K, capacity 12748K, committed 12928K, reserved 1060864K
  class space    used 1750K, capacity 1862K, committed 1920K, reserved 1048576K
}
Event: 3.950 GC heap before
{Heap before GC invocations=15 (full 6):
 PSYoungGen      total 71680K, used 5114K [0x00000000eab00000, 0x00000000f3700000, 0x0000000100000000)
  eden space 66560K, 0% used [0x00000000eab00000,0x00000000eab00000,0x00000000eec00000)
  from space 5120K, 99% used [0x00000000eec00000,0x00000000ef0fea98,0x00000000ef100000)
  to   space 5120K, 0% used [0x00000000f3200000,0x00000000f3200000,0x00000000f3700000)
 ParOldGen       total 87552K, used 25933K [0x00000000c0000000, 0x00000000c5580000, 0x00000000eab00000)
  object space 87552K, 29% used [0x00000000c0000000,0x00000000c1953768,0x00000000c5580000)
 Metaspace       used 12292K, capacity 12748K, committed 12928K, reserved 1060864K
  class space    used 1750K, capacity 1862K, committed 1920K, reserved 1048576K
Event: 4.111 GC heap after
Heap after GC invocations=15 (full 6):
 PSYoungGen      total 71680K, used 0K [0x00000000eab00000, 0x00000000f3700000, 0x0000000100000000)
  eden space 66560K, 0% used [0x00000000eab00000,0x00000000eab00000,0x00000000eec00000)
  from space 5120K, 0% used [0x00000000eec00000,0x00000000eec00000,0x00000000ef100000)
  to   space 5120K, 0% used [0x00000000f3200000,0x00000000f3200000,0x00000000f3700000)
 ParOldGen       total 87552K, used 21933K [0x00000000c0000000, 0x00000000c5580000, 0x00000000eab00000)
  object space 87552K, 25% used [0x00000000c0000000,0x00000000c156b7b8,0x00000000c5580000)
 Metaspace       used 12292K, capacity 12748K, committed 12928K, reserved 1060864K
  class space    used 1750K, capacity 1862K, committed 1920K, reserved 1048576K
}
Event: 4.161 GC heap before
{Heap before GC invocations=16 (full 6):
 PSYoungGen      total 71680K, used 25016K [0x00000000eab00000, 0x00000000f3700000, 0x0000000100000000)
  eden space 66560K, 37% used [0x00000000eab00000,0x00000000ec36e070,0x00000000eec00000)
  from space 5120K, 0% used [0x00000000eec00000,0x00000000eec00000,0x00000000ef100000)
  to   space 5120K, 0% used [0x00000000f3200000,0x00000000f3200000,0x00000000f3700000)
 ParOldGen       total 87552K, used 21933K [0x00000000c0000000, 0x00000000c5580000, 0x00000000eab00000)
  object space 87552K, 25% used [0x00000000c0000000,0x00000000c156b7b8,0x00000000c5580000)
 Metaspace       used 12293K, capacity 12748K, committed 12928K, reserved 1060864K
  class space    used 1750K, capacity 1862K, committed 1920K, reserved 1048576K
Event: 4.166 GC heap after
Heap after GC invocations=16 (full 6):
 PSYoungGen      total 138240K, used 2784K [0x00000000eab00000, 0x00000000f3700000, 0x0000000100000000)
  eden space 133120K, 0% used [0x00000000eab00000,0x00000000eab00000,0x00000000f2d00000)
  from space 5120K, 54% used [0x00000000f3200000,0x00000000f34b8000,0x00000000f3700000)
  to   space 5120K, 0% used [0x00000000f2d00000,0x00000000f2d00000,0x00000000f3200000)
 ParOldGen       total 87552K, used 21933K [0x00000000c0000000, 0x00000000c5580000, 0x00000000eab00000)
  object space 87552K, 25% used [0x00000000c0000000,0x00000000c156b7b8,0x00000000c5580000)
 Metaspace       used 12293K, capacity 12748K, committed 12928K, reserved 1060864K
  class space    used 1750K, capacity 1862K, committed 1920K, reserved 1048576K
}
Event: 4.166 GC heap before
{Heap before GC invocations=17 (full 7):
 PSYoungGen      total 138240K, used 2784K [0x00000000eab00000, 0x00000000f3700000, 0x0000000100000000)
  eden space 133120K, 0% used [0x00000000eab00000,0x00000000eab00000,0x00000000f2d00000)
  from space 5120K, 54% used [0x00000000f3200000,0x00000000f34b8000,0x00000000f3700000)
  to   space 5120K, 0% used [0x00000000f2d00000,0x00000000f2d00000,0x00000000f3200000)
 ParOldGen       total 87552K, used 21933K [0x00000000c0000000, 0x00000000c5580000, 0x00000000eab00000)
  object space 87552K, 25% used [0x00000000c0000000,0x00000000c156b7b8,0x00000000c5580000)
 Metaspace       used 12293K, capacity 12748K, committed 12928K, reserved 1060864K
  class space    used 1750K, capacity 1862K, committed 1920K, reserved 1048576K
Event: 4.259 GC heap after
Heap after GC invocations=17 (full 7):
 PSYoungGen      total 138240K, used 0K [0x00000000eab00000, 0x00000000f3700000, 0x0000000100000000)
  eden space 133120K, 0% used [0x00000000eab00000,0x00000000eab00000,0x00000000f2d00000)
  from space 5120K, 0% used [0x00000000f3200000,0x00000000f3200000,0x00000000f3700000)
  to   space 5120K, 0% used [0x00000000f2d00000,0x00000000f2d00000,0x00000000f3200000)
 ParOldGen       total 87552K, used 24162K [0x00000000c0000000, 0x00000000c5580000, 0x00000000eab00000)
  object space 87552K, 27% used [0x00000000c0000000,0x00000000c1798aa0,0x00000000c5580000)
 Metaspace       used 12293K, capacity 12748K, committed 12928K, reserved 1060864K
  class space    used 1750K, capacity 1862K, committed 1920K, reserved 1048576K
}
Event: 5.575 GC heap before
{Heap before GC invocations=18 (full 7):
 PSYoungGen      total 138240K, used 133120K [0x00000000eab00000, 0x00000000f3700000, 0x0000000100000000)
  eden space 133120K, 100% used [0x00000000eab00000,0x00000000f2d00000,0x00000000f2d00000)
  from space 5120K, 0% used [0x00000000f3200000,0x00000000f3200000,0x00000000f3700000)
  to   space 5120K, 0% used [0x00000000f2d00000,0x00000000f2d00000,0x00000000f3200000)
 ParOldGen       total 87552K, used 24162K [0x00000000c0000000, 0x00000000c5580000, 0x00000000eab00000)
  object space 87552K, 27% used [0x00000000c0000000,0x00000000c1798aa0,0x00000000c5580000)
 Metaspace       used 14131K, capacity 14786K, committed 15104K, reserved 1062912K
  class space    used 2030K, capacity 2201K, committed 2304K, reserved 1048576K
Event: 5.609 GC heap after
Heap after GC invocations=18 (full 7):
 PSYoungGen      total 138240K, used 5112K [0x00000000eab00000, 0x00000000fb900000, 0x0000000100000000)
  eden space 133120K, 0% used [0x00000000eab00000,0x00000000eab00000,0x00000000f2d00000)
  from space 5120K, 99% used [0x00000000f2d00000,0x00000000f31fe318,0x00000000f3200000)
  to   space 5120K, 0% used [0x00000000fb400000,0x00000000fb400000,0x00000000fb900000)
 ParOldGen       total 87552K, used 47387K [0x00000000c0000000, 0x00000000c5580000, 0x00000000eab00000)
  object space 87552K, 54% used [0x00000000c0000000,0x00000000c2e46f90,0x00000000c5580000)
 Metaspace       used 14131K, capacity 14786K, committed 15104K, reserved 1062912K
  class space    used 2030K, capacity 2201K, committed 2304K, reserved 1048576K
}
Event: 5.641 GC heap before
{Heap before GC invocations=19 (full 7):
 PSYoungGen      total 138240K, used 23776K [0x00000000eab00000, 0x00000000fb900000, 0x0000000100000000)
  eden space 133120K, 14% used [0x00000000eab00000,0x00000000ebd39da0,0x00000000f2d00000)
  from space 5120K, 99% used [0x00000000f2d00000,0x00000000f31fe318,0x00000000f3200000)
  to   space 5120K, 0% used [0x00000000fb400000,0x00000000fb400000,0x00000000fb900000)
 ParOldGen       total 87552K, used 47387K [0x00000000c0000000, 0x00000000c5580000, 0x00000000eab00000)
  object space 87552K, 54% used [0x00000000c0000000,0x00000000c2e46f90,0x00000000c5580000)
 Metaspace       used 14145K, capacity 14794K, committed 15104K, reserved 1062912K
  class space    used 2030K, capacity 2201K, committed 2304K, reserved 1048576K
Event: 5.648 GC heap after
Heap after GC invocations=19 (full 7):
 PSYoungGen      total 271360K, used 5112K [0x00000000eab00000, 0x00000000fb900000, 0x0000000100000000)
  eden space 266240K, 0% used [0x00000000eab00000,0x00000000eab00000,0x00000000faf00000)
  from space 5120K, 99% used [0x00000000fb400000,0x00000000fb8fe318,0x00000000fb900000)
  to   space 5120K, 0% used [0x00000000faf00000,0x00000000faf00000,0x00000000fb400000)
 ParOldGen       total 87552K, used 49803K [0x00000000c0000000, 0x00000000c5580000, 0x00000000eab00000)
  object space 87552K, 56% used [0x00000000c0000000,0x00000000c30a2f90,0x00000000c5580000)
 Metaspace       used 14145K, capacity 14794K, committed 15104K, reserved 1062912K
  class space    used 2030K, capacity 2201K, committed 2304K, reserved 1048576K
}
Event: 5.648 GC heap before
{Heap before GC invocations=20 (full 8):
 PSYoungGen      total 271360K, used 5112K [0x00000000eab00000, 0x00000000fb900000, 0x0000000100000000)
  eden space 266240K, 0% used [0x00000000eab00000,0x00000000eab00000,0x00000000faf00000)
  from space 5120K, 99% used [0x00000000fb400000,0x00000000fb8fe318,0x00000000fb900000)
  to   space 5120K, 0% used [0x00000000faf00000,0x00000000faf00000,0x00000000fb400000)
 ParOldGen       total 87552K, used 49803K [0x00000000c0000000, 0x00000000c5580000, 0x00000000eab00000)
  object space 87552K, 56% used [0x00000000c0000000,0x00000000c30a2f90,0x00000000c5580000)
 Metaspace       used 14145K, capacity 14794K, committed 15104K, reserved 1062912K
  class space    used 2030K, capacity 2201K, committed 2304K, reserved 1048576K
Event: 5.898 GC heap after
Heap after GC invocations=20 (full 8):
 PSYoungGen      total 271360K, used 0K [0x00000000eab00000, 0x00000000fb900000, 0x0000000100000000)
  eden space 266240K, 0% used [0x00000000eab00000,0x00000000eab00000,0x00000000faf00000)
  from space 5120K, 0% used [0x00000000fb400000,0x00000000fb400000,0x00000000fb900000)
  to   space 5120K, 0% used [0x00000000faf00000,0x00000000faf00000,0x00000000fb400000)
 ParOldGen       total 87552K, used 42918K [0x00000000c0000000, 0x00000000c5580000, 0x00000000eab00000)
  object space 87552K, 49% used [0x00000000c0000000,0x00000000c29e9be8,0x00000000c5580000)
 Metaspace       used 14145K, capacity 14794K, committed 15104K, reserved 1062912K
  class space    used 2030K, capacity 2201K, committed 2304K, reserved 1048576K
}
Event: 5.934 GC heap before
{Heap before GC invocations=21 (full 8):
 PSYoungGen      total 271360K, used 26870K [0x00000000eab00000, 0x00000000fb900000, 0x0000000100000000)
  eden space 266240K, 10% used [0x00000000eab00000,0x00000000ec53d948,0x00000000faf00000)
  from space 5120K, 0% used [0x00000000fb400000,0x00000000fb400000,0x00000000fb900000)
  to   space 5120K, 0% used [0x00000000faf00000,0x00000000faf00000,0x00000000fb400000)
 ParOldGen       total 87552K, used 42918K [0x00000000c0000000, 0x00000000c5580000, 0x00000000eab00000)
  object space 87552K, 49% used [0x00000000c0000000,0x00000000c29e9be8,0x00000000c5580000)
 Metaspace       used 14145K, capacity 14794K, committed 15104K, reserved 1062912K
  class space    used 2030K, capacity 2201K, committed 2304K, reserved 1048576K
Event: 5.941 GC heap after
Heap after GC invocations=21 (full 8):
 PSYoungGen      total 271360K, used 3264K [0x00000000eab00000, 0x00000000fb900000, 0x0000000100000000)
  eden space 266240K, 0% used [0x00000000eab00000,0x00000000eab00000,0x00000000faf00000)
  from space 5120K, 63% used [0x00000000faf00000,0x00000000fb230000,0x00000000fb400000)
  to   space 5120K, 0% used [0x00000000fb400000,0x00000000fb400000,0x00000000fb900000)
 ParOldGen       total 87552K, used 42918K [0x00000000c0000000, 0x00000000c5580000, 0x00000000eab00000)
  object space 87552K, 49% used [0x00000000c0000000,0x00000000c29e9be8,0x00000000c5580000)
 Metaspace       used 14145K, capacity 14794K, committed 15104K, reserved 1062912K
  class space    used 2030K, capacity 2201K, committed 2304K, reserved 1048576K
}
Event: 5.941 GC heap before
{Heap before GC invocations=22 (full 9):
 PSYoungGen      total 271360K, used 3264K [0x00000000eab00000, 0x00000000fb900000, 0x0000000100000000)
  eden space 266240K, 0% used [0x00000000eab00000,0x00000000eab00000,0x00000000faf00000)
  from space 5120K, 63% used [0x00000000faf00000,0x00000000fb230000,0x00000000fb400000)
  to   space 5120K, 0% used [0x00000000fb400000,0x00000000fb400000,0x00000000fb900000)
 ParOldGen       total 87552K, used 42918K [0x00000000c0000000, 0x00000000c5580000, 0x00000000eab00000)
  object space 87552K, 49% used [0x00000000c0000000,0x00000000c29e9be8,0x00000000c5580000)
 Metaspace       used 14145K, capacity 14794K, committed 15104K, reserved 1062912K
  class space    used 2030K, capacity 2201K, committed 2304K, reserved 1048576K
Event: 6.107 GC heap after
Heap after GC invocations=22 (full 9):
 PSYoungGen      total 271360K, used 0K [0x00000000eab00000, 0x00000000fb900000, 0x0000000100000000)
  eden space 266240K, 0% used [0x00000000eab00000,0x00000000eab00000,0x00000000faf00000)
  from space 5120K, 0% used [0x00000000faf00000,0x00000000faf00000,0x00000000fb400000)
  to   space 5120K, 0% used [0x00000000fb400000,0x00000000fb400000,0x00000000fb900000)
 ParOldGen       total 87552K, used 45821K [0x00000000c0000000, 0x00000000c5580000, 0x00000000eab00000)
  object space 87552K, 52% used [0x00000000c0000000,0x00000000c2cbf6f0,0x00000000c5580000)
 Metaspace       used 14145K, capacity 14794K, committed 15104K, reserved 1062912K
  class space    used 2030K, capacity 2201K, committed 2304K, reserved 1048576K
}
Event: 6.510 GC heap before
{Heap before GC invocations=23 (full 9):
 PSYoungGen      total 271360K, used 266240K [0x00000000eab00000, 0x00000000fb900000, 0x0000000100000000)
  eden space 266240K, 100% used [0x00000000eab00000,0x00000000faf00000,0x00000000faf00000)
  from space 5120K, 0% used [0x00000000faf00000,0x00000000faf00000,0x00000000fb400000)
  to   space 5120K, 0% used [0x00000000fb400000,0x00000000fb400000,0x00000000fb900000)
 ParOldGen       total 87552K, used 45821K [0x00000000c0000000, 0x00000000c5580000, 0x00000000eab00000)
  object space 87552K, 52% used [0x00000000c0000000,0x00000000c2cbf6f0,0x00000000c5580000)
 Metaspace       used 14205K, capacity 14898K, committed 15104K, reserved 1062912K
  class space    used 2068K, capacity 2236K, committed 2304K, reserved 1048576K
Event: 6.576 GC heap after
Heap after GC invocations=23 (full 9):
 PSYoungGen      total 249344K, used 5120K [0x00000000eab00000, 0x0000000100000000, 0x0000000100000000)
  eden space 244224K, 0% used [0x00000000eab00000,0x00000000eab00000,0x00000000f9980000)
  from space 5120K, 100% used [0x00000000fb400000,0x00000000fb900000,0x00000000fb900000)
  to   space 27136K, 0% used [0x00000000f9980000,0x00000000f9980000,0x00000000fb400000)
 ParOldGen       total 87552K, used 71914K [0x00000000c0000000, 0x00000000c5580000, 0x00000000eab00000)
  object space 87552K, 82% used [0x00000000c0000000,0x00000000c463abe8,0x00000000c5580000)
 Metaspace       used 14205K, capacity 14898K, committed 15104K, reserved 1062912K
  class space    used 2068K, capacity 2236K, committed 2304K, reserved 1048576K
}
Event: 6.576 GC heap before
{Heap before GC invocations=24 (full 10):
 PSYoungGen      total 249344K, used 5120K [0x00000000eab00000, 0x0000000100000000, 0x0000000100000000)
  eden space 244224K, 0% used [0x00000000eab00000,0x00000000eab00000,0x00000000f9980000)
  from space 5120K, 100% used [0x00000000fb400000,0x00000000fb900000,0x00000000fb900000)
  to   space 27136K, 0% used [0x00000000f9980000,0x00000000f9980000,0x00000000fb400000)
 ParOldGen       total 87552K, used 71914K [0x00000000c0000000, 0x00000000c5580000, 0x00000000eab00000)
  object space 87552K, 82% used [0x00000000c0000000,0x00000000c463abe8,0x00000000c5580000)
 Metaspace       used 14205K, capacity 14898K, committed 15104K, reserved 1062912K
  class space    used 2068K, capacity 2236K, committed 2304K, reserved 1048576K
Event: 6.897 GC heap after
Heap after GC invocations=24 (full 10):
 PSYoungGen      total 249344K, used 0K [0x00000000eab00000, 0x0000000100000000, 0x0000000100000000)
  eden space 244224K, 0% used [0x00000000eab00000,0x00000000eab00000,0x00000000f9980000)
  from space 5120K, 0% used [0x00000000fb400000,0x00000000fb400000,0x00000000fb900000)
  to   space 27136K, 0% used [0x00000000f9980000,0x00000000f9980000,0x00000000fb400000)
 ParOldGen       total 155648K, used 72144K [0x00000000c0000000, 0x00000000c9800000, 0x00000000eab00000)
  object space 155648K, 46% used [0x00000000c0000000,0x00000000c46741a0,0x00000000c9800000)
 Metaspace       used 14205K, capacity 14898K, committed 15104K, reserved 1062912K
  class space    used 2068K, capacity 2236K, committed 2304K, reserved 1048576K
}
Event: 6.936 GC heap before
{Heap before GC invocations=25 (full 10):
 PSYoungGen      total 249344K, used 34190K [0x00000000eab00000, 0x0000000100000000, 0x0000000100000000)
  eden space 244224K, 13% used [0x00000000eab00000,0x00000000ecc63998,0x00000000f9980000)
  from space 5120K, 0% used [0x00000000fb400000,0x00000000fb400000,0x00000000fb900000)
  to   space 27136K, 0% used [0x00000000f9980000,0x00000000f9980000,0x00000000fb400000)
 ParOldGen       total 155648K, used 72144K [0x00000000c0000000, 0x00000000c9800000, 0x00000000eab00000)
  object space 155648K, 46% used [0x00000000c0000000,0x00000000c46741a0,0x00000000c9800000)
 Metaspace       used 14206K, capacity 14898K, committed 15104K, reserved 1062912K
  class space    used 2068K, capacity 2236K, committed 2304K, reserved 1048576K
Event: 6.942 GC heap after
Heap after GC invocations=25 (full 10):
 PSYoungGen      total 271360K, used 3232K [0x00000000eab00000, 0x00000000fe400000, 0x0000000100000000)
  eden space 244224K, 0% used [0x00000000eab00000,0x00000000eab00000,0x00000000f9980000)
  from space 27136K, 11% used [0x00000000f9980000,0x00000000f9ca8000,0x00000000fb400000)
  to   space 26112K, 0% used [0x00000000fca80000,0x00000000fca80000,0x00000000fe400000)
 ParOldGen       total 155648K, used 72144K [0x00000000c0000000, 0x00000000c9800000, 0x00000000eab00000)
  object space 155648K, 46% used [0x00000000c0000000,0x00000000c46741a0,0x00000000c9800000)
 Metaspace       used 14206K, capacity 14898K, committed 15104K, reserved 1062912K
  class space    used 2068K, capacity 2236K, committed 2304K, reserved 1048576K
}
Event: 6.942 GC heap before
{Heap before GC invocations=26 (full 11):
 PSYoungGen      total 271360K, used 3232K [0x00000000eab00000, 0x00000000fe400000, 0x0000000100000000)
  eden space 244224K, 0% used [0x00000000eab00000,0x00000000eab00000,0x00000000f9980000)
  from space 27136K, 11% used [0x00000000f9980000,0x00000000f9ca8000,0x00000000fb400000)
  to   space 26112K, 0% used [0x00000000fca80000,0x00000000fca80000,0x00000000fe400000)
 ParOldGen       total 155648K, used 72144K [0x00000000c0000000, 0x00000000c9800000, 0x00000000eab00000)
  object space 155648K, 46% used [0x00000000c0000000,0x00000000c46741a0,0x00000000c9800000)
 Metaspace       used 14206K, capacity 14898K, committed 15104K, reserved 1062912K
  class space    used 2068K, capacity 2236K, committed 2304K, reserved 1048576K
Event: 7.216 GC heap after
Heap after GC invocations=26 (full 11):
 PSYoungGen      total 271360K, used 0K [0x00000000eab00000, 0x00000000fe400000, 0x0000000100000000)
  eden space 244224K, 0% used [0x00000000eab00000,0x00000000eab00000,0x00000000f9980000)
  from space 27136K, 0% used [0x00000000f9980000,0x00000000f9980000,0x00000000fb400000)
  to   space 26112K, 0% used [0x00000000fca80000,0x00000000fca80000,0x00000000fe400000)
 ParOldGen       total 155648K, used 75160K [0x00000000c0000000, 0x00000000c9800000, 0x00000000eab00000)
  object space 155648K, 48% used [0x00000000c0000000,0x00000000c4966190,0x00000000c9800000)
 Metaspace       used 14206K, capacity 14898K, committed 15104K, reserved 1062912K
  class space    used 2068K, capacity 2236K, committed 2304K, reserved 1048576K
}
Event: 8.180 GC heap before
{Heap before GC invocations=27 (full 11):
 PSYoungGen      total 271360K, used 30400K [0x00000000eab00000, 0x00000000fe400000, 0x0000000100000000)
  eden space 244224K, 12% used [0x00000000eab00000,0x00000000ec8b0060,0x00000000f9980000)
  from space 27136K, 0% used [0x00000000f9980000,0x00000000f9980000,0x00000000fb400000)
  to   space 26112K, 0% used [0x00000000fca80000,0x00000000fca80000,0x00000000fe400000)
 ParOldGen       total 155648K, used 75160K [0x00000000c0000000, 0x00000000c9800000, 0x00000000eab00000)
  object space 155648K, 48% used [0x00000000c0000000,0x00000000c4966190,0x00000000c9800000)
 Metaspace       used 14570K, capacity 15306K, committed 15360K, reserved 1062912K
  class space    used 2102K, capacity 2276K, committed 2304K, reserved 1048576K
Event: 8.184 GC heap after
Heap after GC invocations=27 (full 11):
 PSYoungGen      total 293376K, used 3307K [0x00000000eab00000, 0x00000000fe300000, 0x0000000100000000)
  eden space 268288K, 0% used [0x00000000eab00000,0x00000000eab00000,0x00000000fb100000)
  from space 25088K, 13% used [0x00000000fca80000,0x00000000fcdbacc0,0x00000000fe300000)
  to   space 25600K, 0% used [0x00000000fb100000,0x00000000fb100000,0x00000000fca00000)
 ParOldGen       total 155648K, used 75168K [0x00000000c0000000, 0x00000000c9800000, 0x00000000eab00000)
  object space 155648K, 48% used [0x00000000c0000000,0x00000000c4968190,0x00000000c9800000)
 Metaspace       used 14570K, capacity 15306K, committed 15360K, reserved 1062912K
  class space    used 2102K, capacity 2276K, committed 2304K, reserved 1048576K
}
Event: 8.184 GC heap before
{Heap before GC invocations=28 (full 12):
 PSYoungGen      total 293376K, used 3307K [0x00000000eab00000, 0x00000000fe300000, 0x0000000100000000)
  eden space 268288K, 0% used [0x00000000eab00000,0x00000000eab00000,0x00000000fb100000)
  from space 25088K, 13% used [0x00000000fca80000,0x00000000fcdbacc0,0x00000000fe300000)
  to   space 25600K, 0% used [0x00000000fb100000,0x00000000fb100000,0x00000000fca00000)
 ParOldGen       total 155648K, used 75168K [0x00000000c0000000, 0x00000000c9800000, 0x00000000eab00000)
  object space 155648K, 48% used [0x00000000c0000000,0x00000000c4968190,0x00000000c9800000)
 Metaspace       used 14570K, capacity 15306K, committed 15360K, reserved 1062912K
  class space    used 2102K, capacity 2276K, committed 2304K, reserved 1048576K
Event: 8.585 GC heap after
Heap after GC invocations=28 (full 12):
 PSYoungGen      total 293376K, used 0K [0x00000000eab00000, 0x00000000fe300000, 0x0000000100000000)
  eden space 268288K, 0% used [0x00000000eab00000,0x00000000eab00000,0x00000000fb100000)
  from space 25088K, 0% used [0x00000000fca80000,0x00000000fca80000,0x00000000fe300000)
  to   space 25600K, 0% used [0x00000000fb100000,0x00000000fb100000,0x00000000fca00000)
 ParOldGen       total 155648K, used 72562K [0x00000000c0000000, 0x00000000c9800000, 0x00000000eab00000)
  object space 155648K, 46% used [0x00000000c0000000,0x00000000c46dc900,0x00000000c9800000)
 Metaspace       used 14570K, capacity 15306K, committed 15360K, reserved 1062912K
  class space    used 2102K, capacity 2276K, committed 2304K, reserved 1048576K
}
Event: 8.586 GC heap before
{Heap before GC invocations=29 (full 12):
 PSYoungGen      total 293376K, used 478K [0x00000000eab00000, 0x00000000fe300000, 0x0000000100000000)
  eden space 268288K, 0% used [0x00000000eab00000,0x00000000eab77be8,0x00000000fb100000)
  from space 25088K, 0% used [0x00000000fca80000,0x00000000fca80000,0x00000000fe300000)
  to   space 25600K, 0% used [0x00000000fb100000,0x00000000fb100000,0x00000000fca00000)
 ParOldGen       total 155648K, used 72562K [0x00000000c0000000, 0x00000000c9800000, 0x00000000eab00000)
  object space 155648K, 46% used [0x00000000c0000000,0x00000000c46dc900,0x00000000c9800000)
 Metaspace       used 14570K, capacity 15306K, committed 15360K, reserved 1062912K
  class space    used 2102K, capacity 2276K, committed 2304K, reserved 1048576K
Event: 8.586 GC heap after
Heap after GC invocations=29 (full 12):
 PSYoungGen      total 268800K, used 64K [0x00000000eab00000, 0x00000000fe200000, 0x0000000100000000)
  eden space 268288K, 0% used [0x00000000eab00000,0x00000000eab00000,0x00000000fb100000)
  from space 512K, 12% used [0x00000000fb100000,0x00000000fb110000,0x00000000fb180000)
  to   space 25088K, 0% used [0x00000000fc980000,0x00000000fc980000,0x00000000fe200000)
 ParOldGen       total 155648K, used 72562K [0x00000000c0000000, 0x00000000c9800000, 0x00000000eab00000)
  object space 155648K, 46% used [0x00000000c0000000,0x00000000c46dc900,0x00000000c9800000)
 Metaspace       used 14570K, capacity 15306K, committed 15360K, reserved 1062912K
  class space    used 2102K, capacity 2276K, committed 2304K, reserved 1048576K
}
Event: 8.586 GC heap before
{Heap before GC invocations=30 (full 13):
 PSYoungGen      total 268800K, used 64K [0x00000000eab00000, 0x00000000fe200000, 0x0000000100000000)
  eden space 268288K, 0% used [0x00000000eab00000,0x00000000eab00000,0x00000000fb100000)
  from space 512K, 12% used [0x00000000fb100000,0x00000000fb110000,0x00000000fb180000)
  to   space 25088K, 0% used [0x00000000fc980000,0x00000000fc980000,0x00000000fe200000)
 ParOldGen       total 155648K, used 72562K [0x00000000c0000000, 0x00000000c9800000, 0x00000000eab00000)
  object space 155648K, 46% used [0x00000000c0000000,0x00000000c46dc900,0x00000000c9800000)
 Metaspace       used 14570K, capacity 15306K, committed 15360K, reserved 1062912K
  class space    used 2102K, capacity 2276K, committed 2304K, reserved 1048576K
Event: 8.687 GC heap after
Heap after GC invocations=30 (full 13):
 PSYoungGen      total 268800K, used 0K [0x00000000eab00000, 0x00000000fe200000, 0x0000000100000000)
  eden space 268288K, 0% used [0x00000000eab00000,0x00000000eab00000,0x00000000fb100000)
  from space 512K, 0% used [0x00000000fb100000,0x00000000fb100000,0x00000000fb180000)
  to   space 25088K, 0% used [0x00000000fc980000,0x00000000fc980000,0x00000000fe200000)
 ParOldGen       total 155648K, used 72426K [0x00000000c0000000, 0x00000000c9800000, 0x00000000eab00000)
  object space 155648K, 46% used [0x00000000c0000000,0x00000000c46baaa8,0x00000000c9800000)
 Metaspace       used 14570K, capacity 15306K, committed 15360K, reserved 1062912K
  class space    used 2102K, capacity 2276K, committed 2304K, reserved 1048576K
}
Event: 9.505 GC heap before
{Heap before GC invocations=31 (full 13):
 PSYoungGen      total 268800K, used 478K [0x00000000eab00000, 0x00000000fe200000, 0x0000000100000000)
  eden space 268288K, 0% used [0x00000000eab00000,0x00000000eab77be8,0x00000000fb100000)
  from space 512K, 0% used [0x00000000fb100000,0x00000000fb100000,0x00000000fb180000)
  to   space 25088K, 0% used [0x00000000fc980000,0x00000000fc980000,0x00000000fe200000)
 ParOldGen       total 155648K, used 72426K [0x00000000c0000000, 0x00000000c9800000, 0x00000000eab00000)
  object space 155648K, 46% used [0x00000000c0000000,0x00000000c46baaa8,0x00000000c9800000)
 Metaspace       used 14570K, capacity 15306K, committed 15360K, reserved 1062912K
  class space    used 2102K, capacity 2276K, committed 2304K, reserved 1048576K
Event: 9.506 GC heap after
Heap after GC invocations=31 (full 13):
 PSYoungGen      total 293376K, used 64K [0x00000000eab00000, 0x00000000fe200000, 0x0000000100000000)
  eden space 268288K, 0% used [0x00000000eab00000,0x00000000eab00000,0x00000000fb100000)
  from space 25088K, 0% used [0x00000000fc980000,0x00000000fc990000,0x00000000fe200000)
  to   space 25088K, 0% used [0x00000000fb100000,0x00000000fb100000,0x00000000fc980000)
 ParOldGen       total 155648K, used 72426K [0x00000000c0000000, 0x00000000c9800000, 0x00000000eab00000)
  object space 155648K, 46% used [0x00000000c0000000,0x00000000c46baaa8,0x00000000c9800000)
 Metaspace       used 14570K, capacity 15306K, committed 15360K, reserved 1062912K
  class space    used 2102K, capacity 2276K, committed 2304K, reserved 1048576K
}
Event: 9.506 GC heap before
{Heap before GC invocations=32 (full 14):
 PSYoungGen      total 293376K, used 64K [0x00000000eab00000, 0x00000000fe200000, 0x0000000100000000)
  eden space 268288K, 0% used [0x00000000eab00000,0x00000000eab00000,0x00000000fb100000)
  from space 25088K, 0% used [0x00000000fc980000,0x00000000fc990000,0x00000000fe200000)
  to   space 25088K, 0% used [0x00000000fb100000,0x00000000fb100000,0x00000000fc980000)
 ParOldGen       total 155648K, used 72426K [0x00000000c0000000, 0x00000000c9800000, 0x00000000eab00000)
  object space 155648K, 46% used [0x00000000c0000000,0x00000000c46baaa8,0x00000000c9800000)
 Metaspace       used 14570K, capacity 15306K, committed 15360K, reserved 1062912K
  class space    used 2102K, capacity 2276K, committed 2304K, reserved 1048576K
Event: 9.670 GC heap after
Heap after GC invocations=32 (full 14):
 PSYoungGen      total 293376K, used 0K [0x00000000eab00000, 0x00000000fe200000, 0x0000000100000000)
  eden space 268288K, 0% used [0x00000000eab00000,0x00000000eab00000,0x00000000fb100000)
  from space 25088K, 0% used [0x00000000fc980000,0x00000000fc980000,0x00000000fe200000)
  to   space 25088K, 0% used [0x00000000fb100000,0x00000000fb100000,0x00000000fc980000)
 ParOldGen       total 155648K, used 72426K [0x00000000c0000000, 0x00000000c9800000, 0x00000000eab00000)
  object space 155648K, 46% used [0x00000000c0000000,0x00000000c46baa60,0x00000000c9800000)
 Metaspace       used 14570K, capacity 15306K, committed 15360K, reserved 1062912K
  class space    used 2102K, capacity 2276K, committed 2304K, reserved 1048576K
}
Event: 212.932 GC heap before
{Heap before GC invocations=33 (full 14):
 PSYoungGen      total 293376K, used 478K [0x00000000eab00000, 0x00000000fe200000, 0x0000000100000000)
  eden space 268288K, 0% used [0x00000000eab00000,0x00000000eab77be8,0x00000000fb100000)
  from space 25088K, 0% used [0x00000000fc980000,0x00000000fc980000,0x00000000fe200000)
  to   space 25088K, 0% used [0x00000000fb100000,0x00000000fb100000,0x00000000fc980000)
 ParOldGen       total 155648K, used 72426K [0x00000000c0000000, 0x00000000c9800000, 0x00000000eab00000)
  object space 155648K, 46% used [0x00000000c0000000,0x00000000c46baa60,0x00000000c9800000)
 Metaspace       used 14570K, capacity 15306K, committed 15360K, reserved 1062912K
  class space    used 2102K, capacity 2276K, committed 2304K, reserved 1048576K
Event: 212.933 GC heap after
Heap after GC invocations=33 (full 14):
 PSYoungGen      total 268800K, used 64K [0x00000000eab00000, 0x00000000fe000000, 0x0000000100000000)
  eden space 268288K, 0% used [0x00000000eab00000,0x00000000eab00000,0x00000000fb100000)
  from space 512K, 12% used [0x00000000fb100000,0x00000000fb110000,0x00000000fb180000)
  to   space 24064K, 0% used [0x00000000fc880000,0x00000000fc880000,0x00000000fe000000)
 ParOldGen       total 155648K, used 72426K [0x00000000c0000000, 0x00000000c9800000, 0x00000000eab00000)
  object space 155648K, 46% used [0x00000000c0000000,0x00000000c46baa60,0x00000000c9800000)
 Metaspace       used 14570K, capacity 15306K, committed 15360K, reserved 1062912K
  class space    used 2102K, capacity 2276K, committed 2304K, reserved 1048576K
}
Event: 212.933 GC heap before
{Heap before GC invocations=34 (full 15):
 PSYoungGen      total 268800K, used 64K [0x00000000eab00000, 0x00000000fe000000, 0x0000000100000000)
  eden space 268288K, 0% used [0x00000000eab00000,0x00000000eab00000,0x00000000fb100000)
  from space 512K, 12% used [0x00000000fb100000,0x00000000fb110000,0x00000000fb180000)
  to   space 24064K, 0% used [0x00000000fc880000,0x00000000fc880000,0x00000000fe000000)
 ParOldGen       total 155648K, used 72426K [0x00000000c0000000, 0x00000000c9800000, 0x00000000eab00000)
  object space 155648K, 46% used [0x00000000c0000000,0x00000000c46baa60,0x00000000c9800000)
 Metaspace       used 14570K, capacity 15306K, committed 15360K, reserved 1062912K
  class space    used 2102K, capacity 2276K, committed 2304K, reserved 1048576K
Event: 213.071 GC heap after
Heap after GC invocations=34 (full 15):
 PSYoungGen      total 268800K, used 0K [0x00000000eab00000, 0x00000000fe000000, 0x0000000100000000)
  eden space 268288K, 0% used [0x00000000eab00000,0x00000000eab00000,0x00000000fb100000)
  from space 512K, 0% used [0x00000000fb100000,0x00000000fb100000,0x00000000fb180000)
  to   space 24064K, 0% used [0x00000000fc880000,0x00000000fc880000,0x00000000fe000000)
 ParOldGen       total 155648K, used 72426K [0x00000000c0000000, 0x00000000c9800000, 0x00000000eab00000)
  object space 155648K, 46% used [0x00000000c0000000,0x00000000c46baa60,0x00000000c9800000)
 Metaspace       used 14570K, capacity 15306K, committed 15360K, reserved 1062912K
  class space    used 2102K, capacity 2276K, committed 2304K, reserved 1048576K
}

